2020-04-09 23:48:34.313  INFO 86431 --- [main] com.exasky.dnd.DndApplicationTests       : Starting DndApplicationTests on MacBook-Pro.local with PID 86431 (started by exasky in /Users/exasky/Documents/workspaces/workspace/dnd/back)
2020-04-09 23:48:34.314 DEBUG 86431 --- [main] com.exasky.dnd.DndApplicationTests       : Running with Spring Boot v2.1.3.RELEASE, Spring v5.1.5.RELEASE
2020-04-09 23:48:34.314  INFO 86431 --- [main] com.exasky.dnd.DndApplicationTests       : The following profiles are active: @activatedProperties@
2020-04-09 23:48:35.130  INFO 86431 --- [main] .s.d.r.c.RepositoryConfigurationDelegate : Bootstrapping Spring Data repositories in DEFAULT mode.
2020-04-09 23:48:35.227  INFO 86431 --- [main] .s.d.r.c.RepositoryConfigurationDelegate : Finished Spring Data repository scanning in 78ms. Found 10 repository interfaces.
2020-04-09 23:48:35.566  INFO 86431 --- [main] trationDelegate$BeanPostProcessorChecker : Bean 'org.springframework.transaction.annotation.ProxyTransactionManagementConfiguration' of type [org.springframework.transaction.annotation.ProxyTransactionManagementConfiguration$$EnhancerBySpringCGLIB$$64be9294] is not eligible for getting processed by all BeanPostProcessors (for example: not eligible for auto-proxying)
2020-04-09 23:48:38.843  INFO 86431 --- [main] j.LocalContainerEntityManagerFactoryBean : Initialized JPA EntityManagerFactory for persistence unit 'default'
2020-04-09 23:48:39.442  INFO 86431 --- [main] o.s.s.concurrent.ThreadPoolTaskExecutor  : Initializing ExecutorService 'clientInboundChannelExecutor'
2020-04-09 23:48:39.457  INFO 86431 --- [main] o.s.s.concurrent.ThreadPoolTaskExecutor  : Initializing ExecutorService 'clientOutboundChannelExecutor'
2020-04-09 23:48:39.810  INFO 86431 --- [main] o.s.s.c.ThreadPoolTaskScheduler          : Initializing ExecutorService 'messageBrokerTaskScheduler'
2020-04-09 23:48:39.861  INFO 86431 --- [main] o.s.s.concurrent.ThreadPoolTaskExecutor  : Initializing ExecutorService 'brokerChannelExecutor'
2020-04-09 23:48:40.234  INFO 86431 --- [main] o.s.s.web.DefaultSecurityFilterChain     : Creating filter chain: any request, [org.springframework.security.web.context.request.async.WebAsyncManagerIntegrationFilter@ff1a5a0, org.springframework.security.web.context.SecurityContextPersistenceFilter@15d2ea6b, org.springframework.security.web.header.HeaderWriterFilter@7b364f47, org.springframework.web.filter.CorsFilter@75c3584e, org.springframework.security.web.authentication.logout.LogoutFilter@5b72b13a, com.exasky.dnd.security.jwt.JwtRequestFilter@25a52a60, org.springframework.security.web.savedrequest.RequestCacheAwareFilter@3c04ddda, org.springframework.security.web.servletapi.SecurityContextHolderAwareRequestFilter@5ec06e97, org.springframework.security.web.authentication.AnonymousAuthenticationFilter@f7b7720, org.springframework.security.web.session.SessionManagementFilter@459df48d, org.springframework.security.web.access.ExceptionTranslationFilter@1a06b95, org.springframework.security.web.access.intercept.FilterSecurityInterceptor@4154ecd3]
2020-04-09 23:48:40.737  WARN 86431 --- [main] aWebConfiguration$JpaWebMvcConfiguration : spring.jpa.open-in-view is enabled by default. Therefore, database queries may be performed during view rendering. Explicitly configure spring.jpa.open-in-view to disable this warning
2020-04-09 23:48:40.881  INFO 86431 --- [main] o.s.b.a.w.s.WelcomePageHandlerMapping    : Adding welcome page: class path resource [static/index.html]
2020-04-09 23:48:41.165  INFO 86431 --- [main] o.s.m.s.b.SimpleBrokerMessageHandler     : Starting...
2020-04-09 23:48:41.165  INFO 86431 --- [main] o.s.m.s.b.SimpleBrokerMessageHandler     : BrokerAvailabilityEvent[available=true, SimpleBrokerMessageHandler [DefaultSubscriptionRegistry[cache[0 destination(s)], registry[0 sessions]]]]
2020-04-09 23:48:41.166  INFO 86431 --- [main] o.s.m.s.b.SimpleBrokerMessageHandler     : Started.
2020-04-09 23:48:41.178  INFO 86431 --- [main] com.exasky.dnd.DndApplicationTests       : Started DndApplicationTests in 7.343 seconds (JVM running for 8.225)
2020-04-09 23:48:41.281  INFO 86431 --- [Thread-3] o.s.m.s.b.SimpleBrokerMessageHandler     : Stopping...
2020-04-09 23:48:41.282  INFO 86431 --- [Thread-3] o.s.m.s.b.SimpleBrokerMessageHandler     : BrokerAvailabilityEvent[available=false, SimpleBrokerMessageHandler [DefaultSubscriptionRegistry[cache[0 destination(s)], registry[0 sessions]]]]
2020-04-09 23:48:41.282  INFO 86431 --- [Thread-3] o.s.m.s.b.SimpleBrokerMessageHandler     : Stopped.
2020-04-09 23:48:41.285  INFO 86431 --- [Thread-3] o.s.s.concurrent.ThreadPoolTaskExecutor  : Shutting down ExecutorService 'brokerChannelExecutor'
2020-04-09 23:48:41.285  INFO 86431 --- [Thread-3] o.s.s.c.ThreadPoolTaskScheduler          : Shutting down ExecutorService 'messageBrokerTaskScheduler'
2020-04-09 23:48:41.287  INFO 86431 --- [Thread-3] o.s.s.concurrent.ThreadPoolTaskExecutor  : Shutting down ExecutorService 'clientOutboundChannelExecutor'
2020-04-09 23:48:41.288  INFO 86431 --- [Thread-3] o.s.s.concurrent.ThreadPoolTaskExecutor  : Shutting down ExecutorService 'clientInboundChannelExecutor'
2020-04-09 23:48:41.290  INFO 86431 --- [Thread-3] j.LocalContainerEntityManagerFactoryBean : Closing JPA EntityManagerFactory for persistence unit 'default'
